2022-04-01 16:31:35,103 +0530 [main] INFO  (TC001_LoginTest.java:19) - Url is opened
2022-04-01 16:31:35,384 +0530 [main] INFO  (TC001_LoginTest.java:24) - Entered Username
2022-04-01 16:31:35,482 +0530 [main] INFO  (TC001_LoginTest.java:27) - Entered Password
2022-04-01 17:24:03,684 +0530 [main] INFO  (TC001_LoginTest.java:19) - Url is opened
2022-04-01 17:24:03,824 +0530 [main] INFO  (TC001_LoginTest.java:24) - Entered Username
2022-04-01 17:24:03,915 +0530 [main] INFO  (TC001_LoginTest.java:27) - Entered Password
2022-04-01 17:53:02,097 +0530 [main] INFO  (TC001_LoginTest.java:19) - Url is opened
2022-04-01 17:53:02,241 +0530 [main] INFO  (TC001_LoginTest.java:24) - Entered Username
2022-04-01 17:53:02,587 +0530 [main] INFO  (TC001_LoginTest.java:27) - Entered Password
2022-04-01 17:54:49,771 +0530 [main] INFO  (TC001_LoginTest.java:19) - Url is opened
2022-04-01 17:54:50,276 +0530 [main] INFO  (TC001_LoginTest.java:24) - Entered Username
2022-04-01 17:54:50,398 +0530 [main] INFO  (TC001_LoginTest.java:27) - Entered Password
2022-04-01 17:57:11,697 +0530 [main] INFO  (TC001_LoginTest.java:19) - Url is opened
2022-04-01 17:57:12,853 +0530 [main] INFO  (TC001_LoginTest.java:24) - Entered Username
2022-04-01 17:57:13,115 +0530 [main] INFO  (TC001_LoginTest.java:27) - Entered Password
2022-04-01 18:00:35,003 +0530 [main] INFO  (TC001_LoginTest.java:19) - Url is opened
2022-04-01 18:00:35,167 +0530 [main] INFO  (TC001_LoginTest.java:24) - Entered Username
2022-04-01 18:00:35,746 +0530 [main] INFO  (TC001_LoginTest.java:27) - Entered Password
2022-04-01 18:02:16,713 +0530 [main] INFO  (TC001_LoginTest.java:17) - Url is opened
2022-04-01 18:02:16,855 +0530 [main] INFO  (TC001_LoginTest.java:22) - Entered Username
2022-04-01 18:02:16,990 +0530 [main] INFO  (TC001_LoginTest.java:25) - Entered Password
2022-04-01 18:32:19,875 +0530 [main] INFO  (TC001_LoginTest.java:17) - Url is opened
2022-04-01 18:32:20,074 +0530 [main] INFO  (TC001_LoginTest.java:22) - Entered Username
2022-04-01 18:32:20,314 +0530 [main] INFO  (TC001_LoginTest.java:25) - Entered Password
2022-04-03 10:11:02,804 +0530 [main] INFO  (TC001_LoginTest.java:17) - Url is opened
2022-04-03 10:11:03,297 +0530 [main] INFO  (TC001_LoginTest.java:22) - Entered Username
2022-04-03 10:11:03,400 +0530 [main] INFO  (TC001_LoginTest.java:25) - Entered Password
2022-04-13 12:53:14,655 +0530 [main] INFO  (TC001_LoginTest.java:17) - Url is opened
2022-04-13 12:53:14,907 +0530 [main] INFO  (TC001_LoginTest.java:22) - Entered Username
2022-04-13 12:53:15,020 +0530 [main] INFO  (TC001_LoginTest.java:25) - Entered Password
2022-04-13 13:58:26,709 +0530 [main] INFO  (TC001_LoginTest.java:17) - Url is opened
2022-04-13 13:58:26,903 +0530 [main] INFO  (TC001_LoginTest.java:22) - Entered Username
2022-04-13 13:58:27,006 +0530 [main] INFO  (TC001_LoginTest.java:25) - Entered Password
2022-04-13 14:06:09,418 +0530 [main] INFO  (TC001_LoginTest.java:17) - Url is opened
2022-04-13 14:06:09,595 +0530 [main] INFO  (TC001_LoginTest.java:22) - Entered Username
2022-04-13 14:06:09,697 +0530 [main] INFO  (TC001_LoginTest.java:25) - Entered Password
2022-04-13 16:45:41,946 +0530 [main] INFO  (TC_LoginDDT_002.java:21) - username provided
2022-04-13 16:45:42,080 +0530 [main] INFO  (TC_LoginDDT_002.java:23) - password provided
2022-04-13 16:48:58,549 +0530 [main] INFO  (TC_LoginDDT_002.java:21) - username provided
2022-04-13 16:48:58,667 +0530 [main] INFO  (TC_LoginDDT_002.java:23) - password provided
2022-04-13 16:56:14,107 +0530 [main] INFO  (TC_LoginDDT_002.java:21) - username provided
2022-04-13 16:56:14,244 +0530 [main] INFO  (TC_LoginDDT_002.java:23) - password provided
2022-04-13 16:57:48,924 +0530 [main] INFO  (TC_LoginDDT_002.java:21) - username provided
2022-04-13 16:57:49,027 +0530 [main] INFO  (TC_LoginDDT_002.java:23) - password provided
2022-04-13 17:03:52,708 +0530 [main] INFO  (TC_LoginDDT_002.java:21) - username provided
2022-04-13 17:03:52,804 +0530 [main] INFO  (TC_LoginDDT_002.java:23) - password provided
2022-04-13 17:06:25,985 +0530 [main] INFO  (TC_LoginDDT_002.java:21) - username provided
2022-04-13 17:06:26,098 +0530 [main] INFO  (TC_LoginDDT_002.java:23) - password provided
2022-04-13 17:06:31,439 +0530 [main] INFO  (TC_LoginDDT_002.java:21) - username provided
2022-04-13 17:06:31,516 +0530 [main] INFO  (TC_LoginDDT_002.java:23) - password provided
2022-04-13 17:29:18,349 +0530 [main] INFO  (TC_LoginDDT_002.java:21) - username provided
2022-04-13 17:29:18,481 +0530 [main] INFO  (TC_LoginDDT_002.java:23) - password provided
2022-04-13 17:29:23,466 +0530 [main] INFO  (TC_LoginDDT_002.java:21) - username provided
2022-04-13 17:29:23,552 +0530 [main] INFO  (TC_LoginDDT_002.java:23) - password provided
2022-04-13 17:30:37,165 +0530 [main] INFO  (TC_LoginDDT_002.java:21) - username provided
2022-04-13 17:30:37,240 +0530 [main] INFO  (TC_LoginDDT_002.java:23) - password provided
2022-04-13 17:30:42,010 +0530 [main] INFO  (TC_LoginDDT_002.java:21) - username provided
2022-04-13 17:30:42,089 +0530 [main] INFO  (TC_LoginDDT_002.java:23) - password provided
2022-04-13 17:32:09,506 +0530 [main] INFO  (TC_LoginDDT_002.java:21) - username provided
2022-04-13 17:32:09,596 +0530 [main] INFO  (TC_LoginDDT_002.java:23) - password provided
2022-04-13 17:32:14,911 +0530 [main] INFO  (TC_LoginDDT_002.java:21) - username provided
2022-04-13 17:32:14,979 +0530 [main] INFO  (TC_LoginDDT_002.java:23) - password provided
2022-04-13 17:35:35,442 +0530 [main] INFO  (TC_LoginDDT_002.java:21) - username provided
2022-04-13 17:35:35,599 +0530 [main] INFO  (TC_LoginDDT_002.java:23) - password provided
2022-04-13 17:35:40,878 +0530 [main] INFO  (TC_LoginDDT_002.java:21) - username provided
2022-04-13 17:35:40,946 +0530 [main] INFO  (TC_LoginDDT_002.java:23) - password provided
2022-04-13 17:35:45,146 +0530 [main] INFO  (TC_LoginDDT_002.java:37) - Login Pass
2022-04-13 17:35:48,768 +0530 [main] INFO  (TC_LoginDDT_002.java:21) - username provided
2022-04-13 17:35:48,845 +0530 [main] INFO  (TC_LoginDDT_002.java:23) - password provided
2022-04-13 17:35:54,326 +0530 [main] INFO  (TC_LoginDDT_002.java:21) - username provided
2022-04-13 17:35:54,507 +0530 [main] INFO  (TC_LoginDDT_002.java:23) - password provided
2022-04-14 15:03:53,373 +0530 [main] INFO  (TC001_LoginTest.java:17) - Url is opened
2022-04-14 15:03:53,601 +0530 [main] INFO  (TC001_LoginTest.java:22) - Entered Username
2022-04-14 15:03:53,882 +0530 [main] INFO  (TC001_LoginTest.java:25) - Entered Password
2022-04-14 15:04:24,241 +0530 [main] INFO  (TC_LoginDDT_002.java:21) - username provided
2022-04-14 15:04:24,339 +0530 [main] INFO  (TC_LoginDDT_002.java:23) - password provided
2022-04-14 15:04:31,832 +0530 [main] INFO  (TC_LoginDDT_002.java:21) - username provided
2022-04-14 15:04:31,907 +0530 [main] INFO  (TC_LoginDDT_002.java:23) - password provided
2022-04-14 15:04:38,211 +0530 [main] INFO  (TC_LoginDDT_002.java:37) - Login Pass
2022-04-14 15:04:42,852 +0530 [main] INFO  (TC_LoginDDT_002.java:21) - username provided
2022-04-14 15:04:42,921 +0530 [main] INFO  (TC_LoginDDT_002.java:23) - password provided
2022-04-14 15:04:47,977 +0530 [main] INFO  (TC_LoginDDT_002.java:21) - username provided
2022-04-14 15:04:48,043 +0530 [main] INFO  (TC_LoginDDT_002.java:23) - password provided
2022-04-14 15:04:54,668 +0530 [main] INFO  (TC_LoginDDT_002.java:21) - username provided
2022-04-14 15:04:54,766 +0530 [main] INFO  (TC_LoginDDT_002.java:23) - password provided
